<?xml version="1.0" encoding="UTF-8"?>

<myElement my-length="2">
	<entry>
	</entry>
	<entry>
	</entry>	
</myElement>